Started GET "/" for 127.0.0.1 at 2016-10-20 13:16:33 -0400
Processing by WelcomeController#index as HTML
  Rendering welcome/index.html.erb within layouts/application
  Rendered welcome/index.html.erb within layouts/application (4.0ms)
Completed 200 OK in 2665ms (Views: 2632.9ms | ActiveRecord: 0.0ms)


Started GET "/" for 127.0.0.1 at 2016-10-20 13:18:12 -0400
Processing by WelcomeController#index as HTML
  Rendering welcome/index.html.erb within layouts/application
  Rendered welcome/index.html.erb within layouts/application (3.5ms)
Completed 200 OK in 439ms (Views: 403.6ms | ActiveRecord: 0.0ms)


  [1m[35m (33.0ms)[0m  [1m[34mSELECT pg_try_advisory_lock(5705652440659896480);[0m
  [1m[36mActiveRecord::SchemaMigration Load (34.0ms)[0m  [1m[34mSELECT "schema_migrations".* FROM "schema_migrations"[0m
Migrating to DeletePosts (20161024225220)
  [1m[35m (37.0ms)[0m  [1m[35mBEGIN[0m
  [1m[35m (33.5ms)[0m  [1m[35mDROP TABLE "posts"[0m
  [1m[35mSQL (32.1ms)[0m  [1m[32mINSERT INTO "schema_migrations" ("version") VALUES ($1) RETURNING "version"[0m  [["version", "20161024225220"]]
  [1m[35m (38.1ms)[0m  [1m[35mCOMMIT[0m
  [1m[36mActiveRecord::InternalMetadata Load (34.0ms)[0m  [1m[34mSELECT  "ar_internal_metadata".* FROM "ar_internal_metadata" WHERE "ar_internal_metadata"."key" = $1 LIMIT $2[0m  [["key", :environment], ["LIMIT", 1]]
  [1m[35m (37.2ms)[0m  [1m[35mBEGIN[0m
  [1m[35m (32.0ms)[0m  [1m[35mCOMMIT[0m
  [1m[35m (36.6ms)[0m  [1m[34mSELECT pg_advisory_unlock(5705652440659896480)[0m
  [1m[36mActiveRecord::SchemaMigration Load (36.6ms)[0m  [1m[34mSELECT "schema_migrations".* FROM "schema_migrations"[0m
  [1m[35m (35.0ms)[0m  [1m[34mSELECT pg_try_advisory_lock(5705652440659896480);[0m
  [1m[36mActiveRecord::SchemaMigration Load (32.0ms)[0m  [1m[34mSELECT "schema_migrations".* FROM "schema_migrations"[0m
Migrating to CreatePosts (20161024225332)
  [1m[35m (33.0ms)[0m  [1m[35mBEGIN[0m
  [1m[35m (39.0ms)[0m  [1m[35mCREATE TABLE "posts" ("id" serial primary key, "title" character varying, "html" character varying, "css" character varying, "created_at" timestamp NOT NULL, "updated_at" timestamp NOT NULL)[0m
  [1m[35mSQL (32.0ms)[0m  [1m[32mINSERT INTO "schema_migrations" ("version") VALUES ($1) RETURNING "version"[0m  [["version", "20161024225332"]]
  [1m[35m (33.0ms)[0m  [1m[35mCOMMIT[0m
  [1m[36mActiveRecord::InternalMetadata Load (31.0ms)[0m  [1m[34mSELECT  "ar_internal_metadata".* FROM "ar_internal_metadata" WHERE "ar_internal_metadata"."key" = $1 LIMIT $2[0m  [["key", :environment], ["LIMIT", 1]]
  [1m[35m (34.0ms)[0m  [1m[35mBEGIN[0m
  [1m[35m (31.0ms)[0m  [1m[35mCOMMIT[0m
  [1m[35m (32.0ms)[0m  [1m[34mSELECT pg_advisory_unlock(5705652440659896480)[0m
  [1m[36mActiveRecord::SchemaMigration Load (31.0ms)[0m  [1m[34mSELECT "schema_migrations".* FROM "schema_migrations"[0m
  [1m[35m (34.0ms)[0m  [1m[34mSELECT t2.oid::regclass::text AS to_table, a1.attname AS column, a2.attname AS primary_key, c.conname AS name, c.confupdtype AS on_update, c.confdeltype AS on_delete
FROM pg_constraint c
JOIN pg_class t1 ON c.conrelid = t1.oid
JOIN pg_class t2 ON c.confrelid = t2.oid
JOIN pg_attribute a1 ON a1.attnum = c.conkey[1] AND a1.attrelid = t1.oid
JOIN pg_attribute a2 ON a2.attnum = c.confkey[1] AND a2.attrelid = t2.oid
JOIN pg_namespace t3 ON c.connamespace = t3.oid
WHERE c.contype = 'f'
  AND t1.relname = 'posts'
  AND t3.nspname = ANY (current_schemas(false))
ORDER BY c.conname
[0m
Started GET "/" for 127.0.0.1 at 2016-10-24 18:54:35 -0400
  [1m[36mActiveRecord::SchemaMigration Load (35.5ms)[0m  [1m[34mSELECT "schema_migrations".* FROM "schema_migrations"[0m
Processing by PostsController#index as HTML
  Rendering posts/index.html.erb within layouts/application
  [1m[36mPost Load (32.1ms)[0m  [1m[34mSELECT "posts".* FROM "posts"[0m
  Rendered posts/index.html.erb within layouts/application (96.2ms)
Completed 200 OK in 1161ms (Views: 1042.5ms | ActiveRecord: 66.2ms)


Started GET "/posts/new" for 127.0.0.1 at 2016-10-24 18:55:14 -0400
Processing by PostsController#new as HTML
  Rendering posts/new.html.erb within layouts/application
  Rendered posts/_form.html.erb (226.2ms)
  Rendered posts/new.html.erb within layouts/application (250.2ms)
Completed 200 OK in 522ms (Views: 386.6ms | ActiveRecord: 77.1ms)


Started GET "/posts" for 127.0.0.1 at 2016-10-24 18:55:16 -0400
Processing by PostsController#index as HTML
  Rendering posts/index.html.erb within layouts/application
  [1m[36mPost Load (41.5ms)[0m  [1m[34mSELECT "posts".* FROM "posts"[0m
  Rendered posts/index.html.erb within layouts/application (42.5ms)
Completed 200 OK in 182ms (Views: 117.9ms | ActiveRecord: 41.5ms)


